<?xml version="1.0" encoding="UTF-8"?>
<!-- Generated by org.testng.reporters.JUnitReportReporter -->
<testsuite hostname="DESKTOP-NBK37DQ" failures="0" tests="1" name="tests.PizzaHutTest" time="8.298" errors="0" timestamp="2023-01-06T17:53:37 CST" skipped="0">
  <testcase classname="tests.PizzaHutTest" name="testPizzaHutHomePage" time="8.298"/>
  <system-out/>
</testsuite> <!-- tests.PizzaHutTest -->
